2 7468 3207 
1 2591 
2 8227 1190 
2 7227 3638 
1 4796 
2 7948 7376 
2 2418 9359 
1 7206 
3 3202 9569 204 
3 2736 5891 3897 
3 2573 5174 2163 
2 9927 9380 
1 4887 
1 5982 
2 8890 7632 
1 1855 
3 9459 1015 2597 
1 7110 
1 8563 
1 3560 
1 1880 
2 7716 820 
1 6517 
2 2660 3259 
2 2176 1344 
3 1817 5370 2252 
1 9287 
2 9121 4557 
2 8670 978 
2 4027 7568 
2 1135 6753 
2 5991 9520 
1 7433 
2 2384 8730 
1 5071 
2 7325 3870 
1 6527 
1 4471 
1 5903 
2 8967 3288 
2 3647 4793 
2 5480 240 
1 1000 
3 5091 1722 5035 
1 1339 
1 7581 
2 3539 247 
2 6544 3185 
3 476 8119 1680 
2 7013 2528 
2 3321 8727 
4 306 6441 464 2038 
1 6686 
2 2718 7458 
1 2887 
1 2053 
2 3654 8596 
3 8088 3111 3643 
2 6321 773 
1 1159 
1 4941 
2 5983 218 
1 8824 
1 492 
2 8773 5226 
3 8071 8722 3737 
2 3358 7678 
2 8306 437 
3 1399 6665 7986 
2 1192 1114 
1 2758 
2 6190 5988 
3 5441 6285 144 
2 7575 4818 
2 7804 5578 
4 9954 4390 7713 913 
2 6377 9803 
3 1376 7252 1653 
1 2939 
3 9377 2049 2868 
1 4469 
2 8303 5646 
1 4646 
2 9483 1022 
2 8965 7025 
4 3760 3028 6170 8443 
2 4411 1545 
2 3936 9910 
2 4011 6018 
1 9824 
1 180 
1 9723 
2 6039 1555 
2 2212 7621 
2 3608 3491 
3 1067 8397 6127 
1 9868 
2 4829 5968 
3 2346 2463 4891 
2 8192 6834 
2 9925 5886 
3 3341 5020 1254 
2 3708 2430 
3 563 1626 8618 
2 7444 4483 
2 3578 7061 
3 8968 8433 7937 
2 6252 5059 
3 7909 6152 4095 
2 7613 1562 
2 364 2951 
2 8253 7036 
4 719 1844 9770 2544 
2 1178 7773 
4 2288 2007 2664 3698 
3 4679 3711 2445 
3 3696 5513 9525 
2 1381 4417 
2 6879 9515 
3 9252 8402 5446 
3 9550 4070 2448 
2 9763 5254 
3 4138 5821 5775 
2 9044 4604 
2 3381 9360 
2 872 89 
2 7122 2669 
2 9251 5067 
3 8184 5478 3755 
4 1778 3709 9117 8874 
2 7464 9530 
3 8578 3827 4778 
4 4528 9451 4177 8210 
4 2297 7147 1374 1439 
4 1563 4420 2983 8594 
2 5553 8994 
4 7355 7362 8147 7133 
3 1208 7760 8238 
2 3614 7482 
2 1319 3861 
2 7284 7522 
2 4006 1018 
3 5649 23 7432 
3 368 6960 6080 
5 6591 2502 6060 1452 6828 
3 6090 4700 8216 
5 6912 8605 6911 2840 9476 
4 6031 6515 8070 4846 
3 7809 807 6467 
3 5444 3903 6342 
2 5371 835 
5 7109 9186 3705 1327 5723 
4 4301 4337 1961 3620 
4 6463 6521 3850 5225 
3 7990 2411 5173 
4 6403 7972 3887 8700 
4 666 3824 8718 3184 
3 873 4736 5616 
3 9349 7015 4622 
3 311 1023 766 
4 1803 5969 7601 7527 
5 2412 4052 1652 1599 12 
5 8711 4329 1642 8019 3617 
2 7347 9693 
4 499 2486 8278 4241 
4 5332 1027 7899 2627 
2 1146 1998 
3 9346 7600 2509 
4 3147 8788 5296 1009 
5 1105 2866 389 8606 5859 
3 3291 4868 2055 
2 4520 2620 
4 3225 2593 4127 1472 
5 7075 8235 5813 4320 2257 
4 9418 6518 1594 6339 
2 7684 6143 
2 1246 2709 
4 7506 9178 8490 868 
2 4467 8330 
4 5780 8430 3041 1577 
3 8553 4476 7700 
5 310 3298 7146 8453 4951 
2 4588 8000 
4 7453 8982 6 9439 
4 4838 3252 8319 7173 
5 1973 3088 5334 8265 3378 
5 3362 1140 1087 9677 7405 
7 7913 9249 229 3456 6365 8331 790 
3 7108 8047 7391 
4 1922 2564 0 8113 
6 1874 1061 6207 1088 7833 7509 
6 2015 3230 7307 1751 1705 2873 
4 943 7733 4116 2563 
4 6583 6644 2530 7820 
2 7779 4949 
6 9019 6869 1427 962 5836 9719 
4 4717 5979 6795 3899 
5 6610 3388 2677 7182 1552 
4 6238 1356 7410 5688 
1 4325 
2 8719 1284 
3 1956 5376 5078 
5 4644 8571 5883 4281 4363 
3 7346 923 7641 
4 8540 9914 722 5047 
1 1546 
3 1529 5190 641 
5 4317 5533 2650 7467 4023 
3 2177 1622 2210 
3 9740 5471 8866 
5 2541 8139 6514 4432 3838 
7 611 1785 486 1801 2172 8414 7215 
4 5975 4716 392 5449 
2 3729 3367 
2 7655 644 
6 3086 2617 8929 3134 1646 452 
2 5573 8770 
3 5985 4929 4883 
3 8422 3644 1507 
1 2265 
5 8758 2099 4069 3559 1006 
5 8111 9750 5147 8862 3586 
2 7862 4321 
5 9913 2751 5742 8740 9614 
5 4048 7168 5281 3749 2540 
5 1002 174 8726 7115 6993 
6 3193 9049 6914 8947 4189 8850 
8 9449 233 9489 9921 3742 6350 1300 1293 
6 8878 1143 3272 1586 1559 8685 
6 6745 6744 9999 5604 4042 6650 
6 5562 8599 2812 4844 7472 2853 
6 4352 7383 6499 251 2032 1569 
7 9864 1695 4181 6158 4799 4649 480 
7 1206 5919 9048 2698 994 2225 8942 
7 4948 2717 1037 9601 3741 8870 4292 
7 9579 6600 5467 8636 1118 2134 4197 
8 7379 384 1706 9600 8321 2300 3619 8022 
8 1194 8546 3161 995 6348 5819 998 5459 
8 4836 3767 2816 4361 31 5758 5108 8865 
9 768 4065 4523 1905 9519 2298 7789 3223 9317 
7 908 9372 1442 6845 4640 6603 5665 
8 211 2359 1821 9956 8080 7393 7375 4013 
7 1269 5914 6129 4580 4823 3478 3043 
9 2944 7196 3751 8679 6520 8581 5293 9736 4305 
8 5245 2981 9436 9509 5141 18 6191 9461 
8 4450 6319 1713 9986 432 3427 5331 8797 
8 4629 5679 1670 4022 3265 6465 8122 9281 
8 8245 613 3774 9840 948 455 3012 6750 
9 1776 7891 3507 2308 264 3964 7953 3848 9304 
9 9985 7113 3145 1131 879 5707 6322 2964 3313 
9 8290 7239 3508 3730 3246 9301 5294 1446 8716 
8 6208 1433 4747 798 1021 831 1923 4538 
9 549 408 1411 1789 2747 7784 7742 4133 2373 
8 39 7483 3389 3324 8251 2773 7460 7183 
8 3694 6855 7835 8913 2998 6241 8384 9990 
9 5307 4559 4810 6988 8762 4811 2922 4298 8877 
9 5721 2171 6548 8200 7519 5811 8778 9829 3310 
11 6913 3739 379 1736 5498 7218 6015 9878 7057 2886 8972 
10 1421 8895 4419 6934 5784 5669 1633 9827 2002 3517 
10 8792 1459 894 8886 7426 6477 329 226 8226 8957 
8 8102 3986 9732 8340 9609 4490 3347 7559 
10 6076 8373 5950 1829 9528 5348 1788 5637 5753 5538 
9 9920 6647 8793 3312 3633 2806 3853 4757 4192 
10 789 388 3163 2678 1478 3957 6470 748 6096 302 
10 6150 2112 2710 6801 3552 258 2337 7496 4671 1540 
9 9109 137 262 7855 3890 1847 3611 4049 5596 
10 3693 5295 5317 6382 4005 1180 322 6148 9061 8802 
11 1040 3334 7534 8028 8632 7947 9206 1350 7524 4759 7160 
8 3557 2977 594 7767 6614 1204 7968 9673 
7 2343 2237 3809 9642 5159 3656 1699 
9 3580 5382 8326 9258 4774 7358 579 1931 4918 
8 1676 8815 9021 2481 2491 5599 3688 4242 
8 9289 636 693 4465 9585 1341 5361 5714 
9 7662 7609 2777 3516 4412 5653 1939 1304 616 
9 854 249 3635 2582 3515 5404 6994 2287 321 
8 584 3359 5589 5325 1092 8948 869 5362 
8 6200 2693 4191 4275 9714 5900 1837 2408 
7 2191 7153 3504 9608 685 8260 5501 
11 6222 5909 8975 1136 8036 6889 8156 4563 9931 6991 5230 
8 9636 576 605 1893 7476 9721 9465 9711 
9 4435 9754 7528 4492 440 4286 1086 5896 747 
8 6825 688 1763 8999 8964 9005 7069 2203 
9 8950 5437 742 4500 1694 4530 9146 3284 5269 
9 6293 454 6692 7854 1285 5652 3679 6242 8311 
9 9744 7940 1610 1426 5812 1377 4140 737 5046 
11 6541 2649 6762 350 3650 3158 5828 6217 8538 1258 6221 
9 7097 1016 9663 4763 54 5130 762 5044 3514 
10 7373 799 3027 4438 8568 5138 2968 3229 1962 2322 
11 4255 6197 8661 7898 5255 8276 438 8199 7731 9097 603 
10 7119 6547 6904 2851 7844 3063 712 79 8622 398 
10 3030 5858 6910 1286 2476 3733 4172 6917 8753 9067 
12 4058 8073 3833 8244 1682 7280 3297 2474 1579 2908 9374 9794 
10 6607 9702 4068 3926 7658 3702 6093 6840 3825 1191 
12 7088 5954 4709 5134 3178 7703 5197 8341 7992 4129 6405 1020 
12 4214 3325 8996 9848 9488 9119 7997 8240 8508 4977 2492 8908 
12 1560 4084 9735 3135 4100 5997 8949 360 8641 4040 3084 5726 
8 1959 9462 5705 3020 3676 8374 8078 3985 
9 8809 5140 1316 2510 8934 301 707 3941 4683 
8 9563 9686 7771 2759 702 2819 8275 7881 
8 8348 6509 5802 7038 7127 6384 3042 2410 
9 9463 5377 9541 2269 1216 926 5889 5063 4243 
10 5711 6333 7599 8946 5776 5198 2608 5485 2830 1242 
10 7929 2654 6581 25 1526 5842 3492 9765 7951 5443 
10 9613 7068 6995 6072 7264 9257 6717 6087 4983 5790 
10 4405 4744 9229 5851 8356 6311 7436 13 7042 818 
11 318 3778 4249 8958 905 3810 1481 2592 8468 6250 2755 
12 7957 4830 8038 7918 8031 9055 1623 1808 5977 1858 3204 7617 
9 8173 7778 8048 9253 1940 2376 7756 6624 729 
11 457 1422 7680 4373 4193 7059 4795 4820 6113 3464 8499 
9 3008 9804 9817 884 1849 8249 6010 1987 7983 
12 6735 5557 8830 6298 556 2619 8230 6349 4779 4968 3076 1150 
9 5169 6397 4727 6616 2820 5232 8893 8154 840 
9 6430 3530 600 9076 7836 8838 750 2940 3289 
10 6484 4470 1289 71 5272 6074 535 4577 5937 4332 
10 2166 4493 9403 7815 362 1077 3637 9552 5202 7214 
10 8189 9737 5864 2615 446 4231 6212 6782 1115 2457 
11 6740 8035 3536 7753 1385 3081 2070 188 7154 3927 3836 
12 7314 4636 9250 7635 7056 4142 5683 1645 828 8083 7906 3035 
11 5343 767 4802 1513 6320 6259 5493 488 2516 9123 1378 
11 881 7501 4135 8297 7367 1367 9787 7235 7459 7181 1288 
9 7152 7971 4950 8394 1868 4753 6035 9831 1805 
10 3430 5593 589 3337 8759 1663 4220 9448 8332 4886 
12 9090 2825 81 4698 5639 7050 5084 9184 6576 5618 4239 757 
10 7561 6480 6622 3061 7511 6725 4735 5960 9220 7017 
11 3311 2954 6999 5168 6894 8702 651 2196 6819 2098 3048 
11 474 9897 9849 4043 6560 1936 9648 3014 1064 9454 7289 
9 8520 3315 940 1108 9997 2353 1456 8195 623 
12 2074 9138 819 9072 4936 9760 5895 2363 5749 6112 7943 3928 
10 313 867 2125 8077 620 6766 6302 8923 8411 4592 
12 864 8780 5658 7978 684 3091 4991 3703 2100 8365 9909 176 
12 3104 643 852 6226 1666 1333 5580 5489 2326 690 9891 8775 
13 2147 8110 415 2760 9880 7330 6564 7053 9540 9567 2926 220 8612 
13 3257 9503 7275 1842 6124 548 14 8633 6355 1156 3965 4554 3871 
12 8204 3433 6114 5561 3613 4573 8389 2091 5850 6445 5312 4474 
12 5717 5344 4939 2805 9865 588 9211 7744 7518 2993 4556 3880 
11 3758 6245 97 3689 5164 1582 2815 8825 3612 2488 2862 
12 4475 3566 8099 129 6545 5570 5461 4812 2310 4542 5544 6524 
13 1978 9845 4913 7176 7650 687 7450 6291 3571 6417 3792 590 8375 
12 3055 3655 6850 5734 723 9672 1435 148 2144 6768 5551 7356 
11 7952 9385 6597 3330 4015 6099 4054 3046 6976 5745 5077 
10 1186 3669 1416 6362 7589 3179 1935 770 7290 5030 
12 6724 6327 2882 9748 3320 2902 4931 6019 3771 1732 6314 5672 
12 6965 9011 494 581 9966 3911 7688 4510 3791 3975 4540 3224 
11 2896 5635 5000 1400 3728 8839 8891 4210 2529 1573 1157 
11 6645 4772 9862 7930 1659 4261 7295 6792 8503 4269 8648 
11 935 7842 6540 609 3166 7623 5531 298 4339 5953 3569 
10 1 9231 9471 5509 7859 9058 6005 1085 7288 3797 
10 7679 5556 9548 4768 6256 4174 393 5563 3630 4341 
10 7150 320 3438 3503 5346 73 1074 8971 5633 8349 
11 5621 624 1035 7100 5152 3056 4082 5505 5118 3120 3386 
11 1113 230 1882 2214 7200 9404 5223 5949 1473 9507 4416 
10 622 8239 6387 9621 631 1303 1894 3322 2334 2724 
10 1721 8819 5479 8900 9599 2096 9580 9004 805 3914 
11 1970 5910 9658 8845 5365 6501 1654 2836 5549 664 5244 
12 1177 7438 7924 5597 8357 9726 2844 2251 3023 8879 6559 9811 
11 3685 9474 5176 4925 784 2433 5248 6249 336 8943 6288 
11 7988 3278 5350 9967 2936 9245 4751 5322 763 1003 495 
10 6399 8532 1533 8006 5762 1878 3718 7437 3526 5884 
11 7535 680 8986 8473 2092 5475 6761 9895 3125 4766 9329 
11 5426 7659 8935 813 5412 9659 7157 4442 9668 9024 4120 
10 2556 4898 7788 8215 6817 4548 8623 1976 4158 5631 
11 5124 9687 9661 9533 1615 4599 6032 4600 1479 7228 6461 
13 7711 6340 2480 3828 9295 4122 8561 5098 5834 5676 1662 2329 7625 
11 332 4819 5072 4572 5518 1354 8526 706 3690 5973 5311 
10 5064 8881 4175 8885 6690 323 7023 7577 1359 7980 
11 5764 2966 5391 8218 2454 324 1225 6676 4691 5414 5575 
12 1685 7037 3594 1229 5416 2549 2342 9338 441 1813 7343 8106 
11 5732 5782 9929 4051 8828 1772 788 4972 2133 9555 5286 
11 507 5008 7707 5470 2499 6868 1919 143 669 9290 8558 
13 7198 9071 3439 5394 8906 6225 9788 6769 4678 9484 8959 4108 3440 
12 6794 8254 6907 7337 2876 2858 2162 8619 5840 9336 7996 6368 
14 6884 4863 1102 3722 2933 7782 5330 2749 9755 6935 1764 7954 7979 60 
14 1512 6536 1046 524 8334 183 470 3519 2405 8441 6335 9294 2148 1731 
13 8029 5158 9836 8998 1709 6495 26 3296 3889 6611 5048 6775 5264 
11 2589 285 2063 985 7497 8704 4672 5431 3533 242 1137 
11 568 6173 5171 155 9578 78 4808 257 5661 3525 231 
14 9313 952 4971 4862 3292 3959 4235 6543 2487 2202 7241 9129 3523 4399 
14 2735 212 6244 776 2768 3805 4385 2004 2822 4252 7192 207 1495 7825 
12 7020 4205 5211 3277 7536 7671 21 8666 7051 7813 8345 4156 
12 1992 726 8667 7630 8061 9883 6075 6371 4364 5432 6300 2145 
11 7816 550 9943 7720 9047 815 2894 1744 9960 3558 9176 
11 1430 1428 7195 4439 1554 8304 7520 4401 4614 418 7011 
13 6274 8857 7368 7556 8107 6687 1542 1462 6229 6154 3820 4961 980 
11 1947 946 1538 9456 288 7672 7904 7673 1060 424 3954 
12 3232 5021 194 1322 4900 1056 9756 8888 4901 7390 8279 4374 
13 5920 8493 9810 6830 1889 7189 4212 1280 9542 1408 8808 8053 2586 
12 5887 2984 2630 2684 243 1007 5980 9398 2795 3431 9977 7615 
12 3740 8620 1132 7125 4000 5320 1925 756 6323 1153 9467 2090 
13 2523 1949 9160 2561 1854 9924 6214 3001 1213 5536 5003 9885 7708 
14 4078 2056 7342 5260 2021 7510 5898 1703 538 7989 6895 4157 9834 70 
13 3116 9232 4012 189 9153 4152 6301 2136 9639 4752 6051 3528 3984 
14 7329 7380 6297 7363 8471 2155 2923 5373 5961 2697 6631 6626 1726 2746 
12 2026 1326 3227 9644 5877 8822 6887 3844 9739 7705 7667 3264 
13 209 1835 4584 6680 836 5326 7917 2283 539 2637 7242 8126 2888 
16 5693 3138 4482 7579 2857 3624 6699 8153 1918 6306 4380 8837 3304 2609 3413 3286 
17 2695 9649 5222 4507 5994 4415 6416 6462 7699 9588 5830 9826 3256 764 5825 7304 4393 
14 3371 8892 9381 6793 3432 4569 6104 8202 9664 165 1347 5463 361 2814 
14 2642 4107 9392 2122 984 592 5384 5664 9615 1144 6482 2865 4996 4488 
14 2132 977 5809 2495 3216 8481 7408 8565 4952 6046 559 973 3856 5476 
14 493 5815 2075 5062 657 1561 9933 8201 558 7878 5010 3591 6606 1636 
7232097
