46 6428 526 4759 3533 4773 3260 429 2755 2930 6322 3537 8375 2644 8577 6793 9149 576 8466 5311 7334 76 8536 709 1029 2342 2741 6930 8996 9596 4070 2941 847 8086 7814 9840 1953 8772 948 8522 8782 1820 2067 9731 6498 503 4821 
47 45 3353 5552 94 6578 3575 7384 6030 1597 4655 8966 232 6634 3151 4745 1777 8680 9883 5382 8153 5480 4212 6178 4215 7623 844 2837 4340 9409 3109 1336 307 4359 9807 3792 1478 8382 351 2732 894 1705 9463 8037 2493 5991 2611 7796 
10 9475 6042 6891 9538 2506 5182 4125 5493 8396 1563 
32 156 3155 804 9506 1250 6876 7842 1542 4621 6538 4194 8588 3853 4027 297 5957 6939 7632 8869 4982 4563 7665 2856 732 9034 8219 8068 5491 5317 4832 9918 1596 
41 1566 4398 7175 2785 6294 6463 8733 1124 2633 5949 3332 6710 630 9936 7927 4325 2947 3850 4921 636 609 2354 2730 8341 9421 2475 8534 1906 9534 8233 3638 6035 5891 4198 8275 1506 5305 8510 4631 2311 1943 
14 4467 4071 3128 5938 2228 6382 1890 629 9721 792 7065 8741 6210 2040 
42 2995 1141 7115 5794 1700 1429 7845 2519 8176 4298 209 4251 2983 9231 4040 3797 2355 7072 4180 5048 4598 1063 9196 4819 8758 8321 8921 5927 3337 104 1324 2392 7376 2926 1449 6002 1881 4197 8236 4866 3554 5211 
6 2717 4753 6543 839 8415 229 
31 7849 9321 9038 5077 3698 2963 7742 5972 7238 6166 6111 4149 2231 756 3371 9085 272 2932 7913 293 9503 2250 7457 2203 1937 7856 1550 4268 6680 7908 7492 
32 6430 3363 3772 7689 1899 9703 9007 5438 777 8436 1461 604 8175 3576 299 7425 4187 4886 4876 9938 7451 8065 898 2072 7644 4798 2567 3355 8487 6320 4923 8009 
17 2870 7662 6557 3693 4808 3830 4465 4562 3784 3774 7257 1329 1915 2685 5219 8066 4813 
34 2584 207 3104 2469 422 5574 4677 7185 7061 939 8423 6236 3865 6690 9720 1215 4002 3241 8137 1552 4280 1832 8867 9519 8430 6101 9657 2285 3219 7094 6533 8360 6537 2518 
34 5254 2823 8366 416 4067 1822 4715 8159 292 7340 259 9844 6044 9177 278 7013 1391 3890 9671 3718 7826 935 668 8456 7857 3438 8520 7121 2275 575 3101 1875 3080 7917 
4 6975 4830 3247 7475 
27 4891 7427 7046 7610 4243 2120 1436 5874 5993 2759 2540 1439 7700 9985 6064 7716 7434 6391 7902 8929 4741 2927 7746 7107 2716 4345 6614 
18 9191 8849 1387 493 2098 6261 2734 2446 8033 1179 9832 9058 6096 3660 9351 8544 3153 2265 
37 3636 666 5632 5298 2085 4181 9537 2608 3558 1802 4588 8025 9973 8260 2808 9490 8038 4417 1664 6545 1057 9021 1224 7476 5986 19 1510 8809 6066 6583 814 3120 7861 3062 265 9799 9346 
39 5482 3233 3169 2954 7707 7116 9937 4252 1203 365 9182 7111 7629 8122 2928 7766 2124 6368 2589 1409 4112 1977 2327 2792 7023 7573 3736 1200 8557 8287 9950 1479 9025 5536 5526 7817 2530 1235 7936 
43 3187 395 5557 5771 6151 1036 7516 7976 593 6016 2359 9961 9898 4004 2318 6872 1683 9173 6590 6449 2495 225 9389 9334 475 7069 999 6288 1625 2665 913 5165 3689 6541 4150 9065 6745 5110 5678 5736 8387 8351 697 
22 4611 1187 9031 9428 6753 971 851 1932 2310 1895 6675 5508 161 3515 8352 5265 6414 6462 3605 1613 8757 478 
43 820 4801 9136 457 7394 5553 4455 357 4307 9315 7369 74 1871 6824 8224 5440 8294 9116 2416 7388 1418 5075 1171 9325 8242 4570 985 2246 3142 3600 5321 1663 5155 7048 6086 1279 8409 103 1891 6524 7841 8479 7774 
28 8598 9543 1942 9913 8850 3164 5 9078 87 619 9056 2522 9551 5655 8947 3012 6700 4816 9722 2162 3688 9924 6408 9900 6823 4354 6843 5823 
43 719 7633 625 8383 9933 1278 9076 6718 795 6566 7605 9943 8518 2011 1172 9228 683 2761 8378 6895 7126 5026 3567 4164 4654 5841 9749 7956 8600 9373 6089 9318 5981 7734 1957 8695 2448 3148 5372 3956 845 6625 694 
47 7138 660 2198 9992 6959 2693 8130 7579 4573 15 2346 5580 9439 9393 7693 9737 1207 7037 7345 2857 5766 1144 4294 3003 8796 3211 802 2798 7829 1780 9706 9597 776 8301 8806 5995 3165 3257 8556 6293 6713 1958 4291 378 8092 3913 4978 
25 9392 570 7047 7946 4568 227 9646 9533 3429 848 2280 1309 5718 1887 8212 1922 8411 2284 7128 2964 5586 9452 2925 4419 7534 
40 3016 9488 7297 1468 9304 7084 4144 5313 784 9467 9406 3604 9457 2373 1825 8335 4992 6684 838 4276 9292 8087 5631 6792 6232 9516 945 3270 2934 5932 6799 5764 2264 2170 4954 5960 2829 2249 8096 722 
26 6507 2414 9803 4377 2194 1602 6344 7071 6927 9072 917 5546 2226 1376 1584 7628 2112 3967 5979 458 3726 8965 7601 4459 621 4580 
35 5832 9696 4660 1862 3866 2815 6912 1138 8494 8718 8506 943 1883 8689 1226 4687 9118 9800 6483 6453 4203 2621 137 6917 8323 1337 8306 2498 2308 8305 7837 6626 9296 6656 2681 
43 8141 8995 7566 3119 5886 8778 4009 7679 2058 6643 2771 9986 841 8904 6708 1668 1564 7928 8844 781 8020 4226 9595 4815 9469 1654 7189 6058 5636 4770 4854 579 7092 5776 4255 1470 5795 9579 3668 4586 4685 5273 8799 
40 9106 6190 6425 1285 5942 4195 2768 1612 8201 8897 1194 8993 2511 5659 8318 1867 2548 4612 8278 2464 7757 7564 4438 9262 2702 4826 763 3140 6243 7101 6631 737 486 9563 8682 2400 9645 8167 9481 3116 
45 681 8346 2713 9460 1186 3618 8745 9817 873 5318 7087 9745 8553 4083 204 7062 8628 868 4375 7941 6780 9736 1853 3495 8168 2108 6940 6946 1931 1480 7398 2641 5544 6342 4296 5016 7125 7396 7677 4352 2031 870 1954 1778 7456 
31 2038 5798 2550 7329 9352 5566 9627 6520 1994 6676 7751 3465 5168 6296 5121 6171 9862 5282 8115 339 4199 8475 2216 7823 2026 7624 3428 5421 1355 9682 5518 
4 6570 8546 4313 9477 
35 327 8709 3179 8297 7191 6445 1631 8046 682 36 266 4785 5238 5304 5699 8659 9655 2463 3807 5093 512 4421 5622 8960 5614 2899 7510 4211 7198 3307 1297 1718 8779 6974 7215 
24 701 2156 2114 7363 1054 6644 5037 4406 180 8495 9611 8496 2742 4102 3526 9496 9063 5937 5471 769 5621 7194 6055 7502 
17 1826 7256 1636 6451 7888 335 4010 6336 7333 8703 154 5902 1295 9152 9403 2719 3232 
35 7674 7901 4966 6516 1575 7572 4673 5506 5512 4264 615 4140 6648 6378 3923 2982 4538 2568 4738 9509 9726 9239 7051 867 9114 3572 5624 3424 4746 4688 1361 6513 5042 2587 1648 
43 5835 2652 596 6610 7650 5724 8937 1547 4282 8920 1485 1032 525 1256 8878 3955 5852 3415 8384 5581 693 6362 6565 4525 4482 8119 5733 8839 6555 4225 1814 142 2503 4336 6797 9962 5711 9320 5849 9444 4256 9354 3952 
34 586 5955 8523 4807 9816 6123 1095 319 1012 8876 2689 5474 6357 1402 3356 1962 4423 6892 153 8597 7909 8667 3253 6678 3089 8825 4245 9086 9691 8739 3527 5029 3808 6632 
27 3440 2378 5188 6128 435 9619 8398 1519 5192 8106 5485 9295 4596 3433 9644 3365 1949 3980 4651 7490 6040 5276 9869 5257 6952 2678 7326 
42 7782 5703 3628 9366 1779 3932 434 1239 2992 3917 679 1302 4880 7727 9029 7785 3686 2682 6544 5716 6706 5409 2658 3928 4541 6120 8671 6140 1992 959 5328 4569 2545 6103 3098 5985 7106 5787 7435 4353 3059 6164 
41 4182 4634 6931 9492 4937 817 9150 2236 3881 675 3854 3439 5253 1810 4388 4334 9815 7771 1389 1695 3798 3584 8279 6426 7033 9794 7155 2309 912 6695 2473 3394 9028 5892 5141 2655 1500 3713 3510 3930 4479 
36 7277 8372 7489 6470 6550 6740 1039 8258 9812 4591 2044 8435 5840 4578 8338 1894 1496 4737 8707 4836 1656 6736 1729 9102 9715 2619 7197 8777 7923 2514 8060 3074 4714 8470 8314 2423 
18 8044 9202 7244 2350 8331 4806 2958 139 5710 9374 1527 714 7711 4552 3366 5365 2217 6422 
33 8078 8299 2557 477 1049 1644 5726 5714 4486 7866 753 9993 8931 5162 7025 9419 7585 2118 8056 348 5469 9541 2471 8838 2383 3727 8018 480 8484 2273 7362 9404 8618 
21 8858 8404 2090 8841 2135 8439 2801 2622 8737 8001 4044 2960 2595 1749 4047 2886 8537 5103 9199 3787 1514 
17 3873 4632 4503 8063 2201 949 4858 3090 5177 9240 8274 5355 5687 7522 7706 3721 7846 
40 9601 7642 7395 2005 874 3172 9120 879 1923 5796 1243 6817 8154 5969 5100 4062 1647 9952 4456 1650 7740 3132 6418 9528 5060 3945 7366 9341 6536 8344 9061 856 6709 638 3311 2907 2814 9555 2155 6787 
41 3216 8896 4507 2472 9416 5680 4718 5522 1521 3348 2409 9186 2707 9442 1986 8214 1589 3819 877 1498 7130 1070 5956 8200 2043 8720 8420 2460 7550 4208 8354 2317 1372 1112 4510 2990 3547 4840 3653 3931 6441 
42 3491 8561 2351 6348 8924 8831 7880 7316 670 9317 1423 7243 9983 123 4132 8185 9672 9024 95 9276 6512 3432 9626 6505 3976 8656 6297 2196 7827 543 7461 1997 5702 2398 9208 2779 6311 8891 1638 6639 2406 582 
35 1579 487 9606 2470 2601 3320 4124 4732 2412 5281 2606 4511 8842 5504 7844 9876 4614 5248 3293 2684 4595 1164 7821 3924 4755 1129 6139 2953 3157 8559 4981 3962 6240 277 9154 
12 4523 6845 7855 421 4175 3346 8958 5157 1541 9851 4031 5490 
16 4119 4221 6902 383 8458 6847 8055 3892 7068 4316 2520 3981 8886 7557 2006 9598 
38 9180 6791 8152 7402 6699 6748 5940 1961 1760 2375 1160 3182 9990 9425 6277 3144 5412 644 5352 5080 1873 895 998 9564 5040 2087 6083 9518 742 3395 8785 3200 2553 2706 5926 1801 7533 6804 
43 3831 8267 3665 3027 5895 9190 4165 589 6658 4969 5639 5406 5822 1248 332 3286 1085 2977 6337 5994 3026 4139 6521 7626 5399 9928 6307 1649 4285 4234 6109 7339 5140 4979 9291 4905 4936 5870 3328 7852 3285 3071 9478 
35 3766 7229 1772 4529 309 1740 6727 2242 9380 8642 1307 8988 9771 84 8976 5290 9068 8007 4157 4258 633 9587 1265 4216 4772 5452 9101 8084 399 2731 5633 4913 3985 8887 4361 
30 1813 3827 5377 2003 6177 304 1794 6411 7800 9975 9324 9308 1537 6962 5357 2272 5288 9000 7945 9377 2796 3450 1626 7738 7968 937 6371 3403 9192 7887 
44 3709 5233 3991 8134 6493 7279 1241 9777 1236 6007 3326 7392 200 9733 6697 4293 6976 7056 189 9185 9959 7199 361 2753 4838 8158 8116 2029 5572 5362 7627 6642 5872 3947 2483 7505 2104 8247 4561 6755 8548 283 1627 519 
37 1999 1466 3832 1024 7519 3341 431 51 1104 5064 2935 3174 9303 1838 4471 4072 2631 6104 5422 9929 72 1940 3178 6194 5250 8127 7486 6769 5402 9788 427 6068 9615 950 2668 5707 1289 
35 3922 5529 9042 3763 5423 158 7149 3669 150 8377 8004 6097 8794 7352 1460 4823 2852 799 1721 3054 774 165 7 5145 1646 7498 1874 5582 7508 3041 166 6883 7839 2634 5065 
19 577 7313 9826 7245 2368 3042 5266 3039 5604 9861 7080 691 3516 7643 187 3448 6056 3249 3592 
32 8786 5439 1620 135 2799 2590 7645 8899 1459 4546 9367 6591 9712 9570 4240 3013 2492 5980 3252 4663 6071 622 8485 735 2427 5294 2712 9080 9438 4775 6898 7652 
40 7653 724 1125 8903 5537 8049 6790 5448 8108 5901 6105 1917 3192 5146 400 3313 1435 5124 5347 9618 7712 6291 9923 6072 1114 7373 3217 797 6290 3977 7666 5538 44 7791 6052 9113 2915 3633 3555 9700 
5 8424 7132 2241 3579 1675 
41 3875 551 5476 7323 6113 7249 6580 8970 2762 8463 1354 5074 413 1708 8144 4696 9311 143 6996 1726 5775 6991 2111 6877 2307 3473 2402 9946 4606 7444 3739 7687 9813 2046 7730 1393 6008 1540 7850 5204 419 
5 9413 3902 40 3682 2048 
5 5014 4260 7331 3306 779 
8 1717 1788 1364 9361 6970 9019 952 768 
35 9168 2563 2418 3951 3671 7286 3667 1865 1944 2142 409 3078 1166 7432 8035 3893 9411 6670 4488 463 853 469 2875 9364 3478 5629 9112 5809 1486 9293 2380 5717 2956 849 2451 
26 8220 7760 5944 8125 4214 8926 7307 3599 6802 4557 1578 6900 5641 4253 8467 7818 3447 2434 3687 6916 1115 1015 4516 8683 3006 6588 
35 9049 2860 7769 4393 5683 9223 975 5274 2542 6015 5366 4497 4882 8734 2720 7589 6114 1661 4851 1866 8759 1886 8217 8023 6476 2596 748 8676 3154 8112 47 2441 1106 8265 9932 
34 3387 5030 6879 5740 2289 2843 7812 5297 5096 3453 2878 9769 1314 557 8490 2125 449 8139 324 5498 1190 7582 2458 7057 988 2421 8302 4369 4196 882 3652 2968 1690 9558 
26 9159 9890 1976 8829 6794 8381 6866 2613 5496 5568 5222 9593 301 8821 9707 8942 5730 4033 4893 5098 4261 8941 9330 4364 4539 5885 
20 4078 8039 7708 7173 3060 2234 2922 2772 8103 5634 8854 6613 6198 2440 6812 1711 5876 9738 6130 1808 
25 175 3198 9820 1021 4802 8599 7889 3193 5495 8444 8525 8473 5143 29 7224 8188 983 235 581 8987 8272 8744 4708 537 819 
29 6423 3581 7448 5206 1148 4917 780 1562 5867 9599 5850 5390 7036 3402 1908 4565 9216 3926 6026 6433 9616 8051 775 7438 2229 7938 6542 6173 4171 
6 4935 5383 5952 2966 3755 899 
38 9014 6770 6729 854 9891 5171 3412 8991 456 9485 2433 3037 3678 9548 6918 1214 2998 8371 9448 3175 6100 1221 2432 5755 5389 4056 6957 6896 1775 9684 889 5459 4995 4274 5618 2431 8715 5690 
24 2851 3968 7030 2890 2836 645 650 3088 370 7070 1159 7530 2089 6239 7220 8788 2976 6136 891 1655 1323 5915 2952 7641 
32 102 1817 3181 9257 3598 9079 9268 4005 7668 8006 6446 2679 3912 5523 1545 976 6270 6468 5888 8428 3712 3838 6077 8567 2844 573 2848 8317 6189 5930 7947 6576 
25 78 6765 8261 5308 3949 7201 5010 1707 1725 2001 2009 2078 9857 5083 8448 4402 4583 918 7692 1457 7378 7236 6494 5111 1234 
20 4768 5645 23 481 1823 1757 4781 9834 160 4912 7073 5359 1947 9476 2572 2357 4674 5513 6663 8909 
44 7584 2146 1191 8934 6935 6756 3442 8765 4887 2609 6522 6874 6300 9658 7661 7816 9127 8815 9906 387 7288 5962 7099 6439 9757 6384 8837 1450 6958 2580 4491 1432 8209 9879 8104 2778 651 9705 4384 9748 8151 1946 2504 3767 
20 9888 6330 1831 2430 2036 8726 91 2744 5772 6535 9885 9760 7188 9249 916 6908 1936 7035 9290 2283 
34 9435 688 1691 4088 6421 9526 8189 4295 7150 5839 2010 3684 9617 4750 9140 5154 5554 9144 3916 6803 6107 4744 2579 50 1841 3998 3661 7807 2571 6798 4461 1533 9607 7756 
20 2209 3240 4318 3350 1421 6313 9549 9540 6686 6215 980 5843 3791 4440 1163 9187 4425 3390 7346 7146 
29 1574 2221 5351 7110 7227 5848 6253 4918 3108 4080 3641 386 9426 2592 3466 3738 329 7085 3591 6593 1374 9667 7544 5559 1615 8771 7178 7460 8694 
43 4189 9568 7922 9811 663 8584 6262 1229 9546 9892 1657 9660 597 2835 4130 3273 5770 7237 4749 8864 1856 1517 1783 2466 381 7570 1903 8817 9226 9275 2438 6420 5180 1277 9069 8343 4973 3451 4793 7934 9410 5392 6148 
45 8946 750 3503 1751 1860 7724 2145 8820 4001 4942 4597 2536 2266 1836 2846 363 5906 8008 1585 5830 1262 4343 1885 7012 3389 2888 6376 6905 6487 6839 2696 8021 7137 1982 4403 1669 7583 7647 1333 453 2616 5970 8132 7996 8392 
9 934 6888 5156 8885 9806 2444 8216 2783 6906 
38 7426 9858 3701 1983 6764 1797 8309 7761 7802 5701 3314 8666 603 5833 1451 5540 2278 2224 8196 4299 9162 8419 829 4554 7669 4537 7465 312 9342 1728 1404 4412 1446 3024 1928 518 2661 7649 
5 9189 436 2554 5462 5751 
16 6229 9814 747 3264 7442 6995 8663 1076 5648 7181 4604 3749 1699 4324 8922 6209 
28 4466 1595 8386 1776 1217 1282 6395 4454 9949 5425 6233 4684 3550 8312 7548 9048 9379 11 808 4721 1378 1981 4026 3168 2143 7654 7907 3810 
24 1048 8245 2122 9809 5847 7001 4743 9763 8148 5519 9693 6937 8405 1107 7905 9198 5515 105 7518 6012 4237 4339 5836 8629 
40 2805 2711 7574 4697 6464 1300 5079 6205 3195 6750 4500 5023 718 4168 545 2705 6352 1914 9935 4477 6539 7081 1341 7975 424 761 4142 4709 6047 542 963 6981 3948 8533 6506 1601 3030 8774 5418 7911 
38 3423 7545 6992 6250 8949 5826 3009 2071 1694 4153 7076 3127 5854 863 2424 8550 369 4700 7221 8336 2319 7762 6949 4928 9357 7140 114 1900 754 4287 8708 5466 4841 6029 3279 7608 511 7690 
34 6950 2648 4754 271 2169 3396 3 7790 8681 8634 1004 5303 1174 2233 8182 17 8271 4357 7710 5754 6831 5339 6694 9433 6659 2812 5173 6327 6667 1071 5845 9015 4871 1921 
39 5919 2864 7235 4481 7982 3291 6844 2468 7891 2687 9491 5769 4431 822 1747 5974 231 7831 3896 6432 2564 4035 923 7479 495 2787 6196 7562 9608 9661 5342 3239 2094 9613 9398 2075 5953 2494 5255 
41 1572 1377 7222 5197 502 9052 9967 1674 7526 6295 4017 9870 8040 3105 2100 2647 2825 1044 6941 4098 7114 3920 1535 8529 3204 507 7943 3245 6019 7736 7567 349 6317 4664 77 516 7726 1607 4897 2565 5666 
40 6392 9246 5195 8797 5247 9984 2841 9258 3703 6427 760 3821 7597 2558 8131 6651 6585 2080 3251 4160 2615 3401 7556 3961 3799 3805 8313 3754 5463 4670 9137 8361 7250 6840 783 5686 6022 1305 205 4592 
41 4960 726 6595 3099 1560 2051 3122 4903 7239 4116 9461 4758 4931 6606 7209 8943 7282 564 1126 580 8560 5373 7385 7514 3359 9709 326 9401 7797 1605 3561 2669 9514 4783 8203 9353 6503 1967 3083 9643 3818 
21 8097 377 523 6778 8052 1152 1123 3733 4530 8746 305 7171 3189 5089 6733 5011 4012 4993 4450 8879 6835 
38 9371 8565 1275 9175 9939 4348 4229 7709 4822 6287 9871 832 6915 628 3271 6048 9507 5187 7994 1502 8304 4016 8767 28 890 7182 8202 1857 9686 4927 5391 4820 6397 6496 3901 3188 1637 7414 
26 1769 7735 4057 336 9910 9654 5289 3488 1102 5909 8630 9252 9513 7217 2022 6108 3133 2079 5599 2749 9927 368 7004 1503 7886 3708 
25 152 1204 553 664 9877 3662 5447 1351 1581 6759 2271 5139 4269 1078 1153 4036 2302 6141 7281 8516 4947 145 8298 3540 8696 
7 6808 9960 5097 1380 9773 5166 9665 
19 6424 1660 8286 7648 2640 2906 4084 2775 8257 6990 9395 2247 3777 8211 7815 6814 510 9458 3393 
16 5057 9559 5181 5868 8500 7513 2574 3780 5510 1233 4774 2255 9466 6082 7104 643 
27 1587 3987 2526 5598 4933 289 343 7349 8022 5315 5212 7064 6199 4725 1343 3206 3070 1311 5017 9524 652 8218 24 2807 9697 1099 531 
41 5046 1752 8657 8026 6155 9884 3764 4817 8368 2770 6361 5748 3167 893 7336 3670 6948 710 1188 914 169 6530 514 3571 5272 9701 7325 7170 6259 3725 267 4449 9620 8823 7616 1316 3457 1369 7593 2810 6511 
37 9111 548 7014 9039 3844 5460 9096 81 8609 3651 4385 1326 8603 3262 5309 9057 4410 1761 989 210 2527 1536 2407 2321 8643 5853 4159 3964 8091 8359 9859 316 3173 4890 3868 1212 7341 
26 13 3756 7487 9632 4219 1558 600 8149 7859 9344 4113 5590 6850 3184 8367 3414 3566 944 136 1843 897 6771 8742 390 8539 2809 
39 6197 862 5492 5898 1410 9702 8204 3347 5671 1487 402 3513 9482 223 6612 7321 1774 8871 6380 5924 2740 1632 5692 4572 6691 3052 6165 7113 8408 6281 826 6499 6201 5813 3406 5918 1001 9837 6091 
40 4764 1365 1059 6278 6379 1198 9235 2313 420 8486 5059 3825 6582 3975 4825 8332 6060 9381 7656 7124 1383 5958 505 5816 1684 2650 658 3966 8881 6774 1811 3111 6833 8981 3092 9573 9349 3159 5561 4347 
34 7937 2996 3524 5117 7144 9391 9989 6994 3427 1603 6354 3846 6741 920 6698 8497 8425 2521 2420 6054 9432 7211 7302 6467 1628 9637 5946 9713 1765 2105 3979 5698 5897 711 
23 9714 2012 1756 5226 5896 9856 8093 7915 2027 1767 4306 472 9067 3315 2188 1244 3303 2546 2300 6594 2290 285 9676 
8 4974 8971 5113 8003 1863 5151 2401 7259 
31 3590 2746 9489 236 9585 6389 1525 5090 6375 9359 3102 1169 7353 4162 4924 1748 5164 1090 3509 7594 3655 8045 692 5864 6654 9045 7843 8589 3829 5320 4644 
34 602 4166 7380 7458 170 2547 4401 3563 3834 3629 9501 8761 4332 7212 5394 255 3824 1806 3690 1296 1945 6825 3469 3995 6782 455 20 7166 617 6271 1399 1315 7134 2107 
22 4141 8502 9974 5307 2666 99 8283 1511 8210 5001 3602 8082 9345 772 9335 442 4984 6783 4872 2123 4605 8670 
39 7576 2335 1067 8875 9669 3455 9629 2677 3783 3205 4273 2322 6162 1532 3545 8677 7824 8616 4092 1056 3047 2485 2447 5640 9779 6589 8048 6855 298 1005 8770 4138 731 7731 287 6960 9782 4747 7207 
40 962 1113 6871 7161 5244 5705 8711 5167 2489 1064 6523 8215 1723 2610 9300 3449 9 8489 7075 5737 8370 4054 9070 9867 4837 4939 7920 6477 6723 2987 4326 9074 3214 7542 1428 4518 8574 2585 3444 7021 
28 7883 220 5637 5784 4134 7931 8912 8764 5741 9653 3728 7083 9088 7599 6805 1827 614 3996 88 9865 7705 6203 574 2059 3580 6480 2367 9600 
37 5465 5535 1060 9743 7120 6234 4386 5860 1441 7327 9184 5376 2763 9089 680 3061 7431 9430 1469 5199 7808 8491 4742 9429 9009 5807 4859 9205 2437 8535 2533 1543 6972 5729 1739 6865 4576 
39 8099 482 941 1898 2728 6553 5183 4095 360 7830 5894 5306 2056 965 2237 6282 6851 1050 8333 2113 7428 1291 807 2871 6067 9479 2443 6602 9181 7595 8554 1119 6153 9474 6821 2594 5851 8114 8385 
41 7914 4107 352 1842 5511 2305 5109 2353 4104 2840 4975 996 8517 9808 1304 7784 9919 7466 8222 1371 2818 9414 125 5230 9609 5268 2714 3971 834 5150 5961 5992 5785 3542 8685 616 7741 3467 2850 224 5517 
43 7148 5388 5595 5908 8566 5461 1737 4248 7203 8050 2745 6274 3711 1427 7415 8894 7122 4290 3020 567 6646 1046 9552 3525 6119 8401 9077 9405 3569 9614 6004 8664 7017 8014 5765 6289 4608 1396 8830 4698 3872 2936 1911 
24 4322 4099 2573 8193 6211 4495 1592 1322 7338 6562 9314 8123 4857 2474 5249 6025 6192 5450 831 4351 3674 5731 4843 1195 
41 4804 1143 5756 4769 5483 291 6504 5210 8178 572 4387 901 2207 3648 3508 7767 8413 3839 4930 3269 7344 3461 3344 9483 3814 1403 1033 176 6934 2002 4173 3578 2884 4222 4411 6932 8596 788 7066 5007 7559 
32 5777 7950 7423 8437 6367 9365 2632 4779 3692 6226 1272 6768 5464 1523 2726 1379 6333 1463 5933 5814 2588 2612 7717 1812 8979 8895 2544 9971 1484 6732 98 7527 
36 746 7006 9591 7358 2599 5207 5658 3716 7381 5348 9565 9880 8322 4263 59 38 6454 4428 109 7242 8198 1733 2180 8748 712 2865 4038 8542 4381 843 4380 4683 7772 4585 7187 4188 
32 4852 3992 9761 3049 606 6112 1420 5175 3298 6849 228 9434 5761 5132 3152 8713 903 7500 3596 3162 8054 4846 8704 8923 6455 5316 6577 5950 8024 8290 9100 4275 
27 654 1568 6683 1531 7979 7924 7558 2695 7881 4534 3222 8608 1970 8452 5788 2210 1966 372 8192 4042 251 6181 5256 6161 3008 4767 4977 
19 138 1415 5608 5911 6584 1693 1849 7284 4988 1988 4906 5200 6665 7077 2683 7893 8223 3616 4955 
26 1965 3210 5503 4279 5612 4126 9678 2053 8564 1998 1735 3770 9220 1676 5547 1228 2502 8855 2686 4943 7044 9663 2461 8308 2197 859 
40 1577 4805 7177 1588 6618 33 174 7317 8641 3683 6268 6531 1861 7939 5292 6581 924 3199 1553 7058 700 2256 6492 8133 6387 3852 9875 8692 5271 4849 8635 4613 7998 6248 7154 7192 3779 7900 6546 6413 
41 8057 7638 3762 9790 1257 7865 3019 1151 3243 9267 9203 4679 6820 4223 39 1948 2724 3806 2204 5202 8908 5594 6758 1950 7578 5931 342 562 4920 9744 5341 8818 2638 2721 8935 806 624 2467 7399 1185 2084 
27 9988 8251 1477 6711 6263 3986 7009 3435 8248 9845 4011 585 8095 2951 4522 4103 5385 599 8433 9022 2667 4228 9001 7885 9882 3642 960 
26 1386 9417 1768 4803 2252 7701 2657 5379 6743 758 3639 1495 6249 1471 3372 7507 6605 2240 3823 2566 2694 9978 6377 5844 371 4131 
36 1109 5837 9251 8438 2578 571 3118 5912 8848 5861 5012 2802 3277 4147 9135 9217 3477 2727 3068 812 1252 6549 6118 8280 1232 3022 6273 149 2269 2703 4695 4998 5635 4635 8465 3227 
43 3123 6062 3258 702 2384 7295 3898 2166 9147 9504 771 4672 4630 2175 110 1011 7032 5998 6510 2004 5427 2704 5114 6075 2130 9103 241 4372 4987 8705 6131 2377 8326 7619 3752 6688 2248 3936 2776 340 1350 7555 7722 
31 2672 7186 5049 3899 1205 8547 6284 5436 4309 3300 7840 141 3130 2509 4499 9269 1722 7454 4484 4176 2282 4593 2393 5196 6495 587 3349 1184 1345 2528 1154 
33 5500 9157 6600 8431 7455 5749 4844 8350 3147 5691 805 1892 5752 4756 1918 7437 2299 7040 7357 9294 6558 3809 8136 6636 5709 4039 4008 8146 439 9991 6435 5877 1397 
32 2417 2795 6032 9273 7992 4983 9825 4722 5170 6971 565 257 4782 997 1919 3849 1352 1494 3753 6095 3338 7263 8962 5039 1716 6943 2523 3522 2670 7294 1367 233 
41 5062 6488 1040 7611 5115 7020 9621 1260 1969 6731 6616 8572 5296 7755 230 1074 8889 4284 4376 3011 5072 66 4378 9209 8310 536 4202 2662 2827 9142 7497 3593 7301 8160 2294 6159 6266 8187 4707 4418 4915 
31 1641 9200 2933 4724 4728 9780 2897 8591 5600 8015 2893 8882 4109 9040 4861 279 5625 6031 1381 7389 8451 2883 5560 9759 2537 3601 7029 2895 2215 1791 900 
36 8551 5516 653 4286 3443 7538 8328 2499 685 2892 4363 9363 3484 2178 334 237 2984 6006 1706 9852 2419 1611 801 4653 347 1157 728 9259 8905 186 5101 2828 5054 1313 2016 1508 
30 4077 9443 5263 9954 6084 4292 8573 3407 3705 729 5426 4676 8498 7834 4648 3408 8300 7095 1476 9298 317 5358 8852 4733 3045 79 4517 3583 5780 6235 
37 7324 8492 6046 6092 4034 3391 215 2167 5201 2748 6744 1098 4504 642 527 8538 3464 3568 4637 6998 7836 8414 6045 3244 2208 4711 4626 4013 7204 8853 5719 8747 4961 6490 9023 6650 7063 
42 3815 90 5213 6003 1417 3331 5251 515 2258 9055 250 6738 2937 8238 6385 7409 8253 9332 5828 8938 2428 3889 9326 9119 2245 1781 7410 9316 2490 7940 9843 3023 7754 3493 7770 860 3421 3468 6955 9431 5269 8311 
42 6603 4949 4751 7636 2396 2752 7723 6554 9909 3741 6409 7163 550 3908 5597 6574 5169 4689 9833 1261 4602 1719 5652 8999 5806 325 7848 759 1400 4778 1332 4029 5221 4999 1951 6222 7413 6573 8918 1991 9841 1298 
44 2182 3878 2069 3385 6889 7151 8277 8954 147 5433 2908 8256 3500 3340 7955 6069 1622 8047 741 7429 7247 8094 1968 1667 8362 2326 112 5567 6649 5038 8016 4649 9125 4220 1072 5190 7977 9886 6366 196 8077 4590 5473 7162 
33 4760 1734 4996 3560 5855 1390 9708 9329 3997 2738 6547 7078 4158 5119 2513 7275 1630 8611 5913 7549 3585 3441 6692 9323 1858 5078 3915 6034 4308 1274 3676 876 566 
16 445 9360 2039 3481 1218 2030 6191 2092 8639 4161 9256 2970 3067 5627 2411 744 
40 7828 9446 9166 6093 1614 9484 4587 8992 2673 5424 4048 4190 5235 4241 8089 1023 8939 8826 4074 4829 1530 2462 7733 7273 9156 6195 5920 6525 7193 9225 8632 4850 8174 8241 3710 3906 5507 2532 5988 8636 
41 3236 4980 49 7060 6374 3557 7721 4302 5323 6359 2541 425 3304 5397 715 1002 4914 9628 3879 1401 7493 6448 1598 6106 4946 3327 8984 7634 5283 4968 9849 1017 5408 9082 3196 7930 8792 5789 9847 9802 4331 
2 9282 686 
4 4473 3452 9584 417 
43 9215 1130 1348 810 6482 2042 3953 2168 7980 8526 6859 5759 743 5434 7330 9835 1395 4136 1920 4599 5122 1142 5095 9830 3740 6326 4868 6967 6394 3282 1984 7293 3864 9680 932 1877 6325 3717 3607 2119 282 5470 85 
37 6669 5903 1037 3919 9636 8445 2339 9165 4341 5704 6666 3925 4564 2397 8231 6486 9010 2171 6398 5943 7758 6146 583 4609 8563 4301 5494 6122 6116 9306 7987 8902 4366 181 4702 5650 8011 
11 2993 3720 8919 4311 7416 3680 6746 7719 541 7356 7483 
22 7995 2813 9732 8324 9382 4483 9274 8652 9575 3631 5018 4835 6182 3828 3514 9666 5505 2110 9624 6443 5977 9512 
42 1472 8961 4390 2365 2916 1499 6563 3266 4304 704 7598 6979 6163 2989 5384 8617 2760 4028 9497 71 8482 3382 7702 3463 4934 5539 303 5393 7961 7041 7685 3793 118 6592 9539 8243 5677 2902 7921 4235 6596 2254 
42 9155 2086 9756 5675 968 4926 6444 1293 7406 8239 4566 190 2274 2061 5142 9921 1000 8347 9750 2842 3321 8255 5606 2348 96 379 4059 4321 6938 3031 4686 8397 6458 4024 7169 6489 1583 8555 9774 7903 9724 75 
10 3256 3405 6657 4093 1804 4394 2853 9415 3887 3082 
34 3145 1824 3856 2152 9397 4527 4163 8067 7267 8145 5869 3010 2413 1358 3370 9297 2663 7103 2344 1084 2733 6834 9649 4462 1497 6619 7713 8081 8880 5543 1727 1851 8964 2497 
4 993 2391 2774 5302 
18 9340 5555 3149 5340 8107 8822 5745 767 18 2177 5812 2866 2942 9723 7997 7805 2582 2994 
12 558 7251 6655 1926 7278 252 5403 8330 5327 1320 6728 6601 
5 2452 8468 9104 4115 42 
34 671 3235 2330 8781 2331 4193 2919 323 995 7672 7443 9250 8334 6757 751 5443 1616 8519 1645 5415 7495 2449 7971 9449 5792 942 1978 4297 1798 3207 5280 9968 9544 1766 
5 4661 9692 5149 16 9836 
9 4616 736 6515 1096 2725 2052 4879 6381 2081 
24 2636 3025 2323 2873 9242 1344 380 3802 2722 833 8813 2066 9043 58 9299 9232 6350 9387 9083 4330 7226 1162 2824 6 
30 7822 2921 7136 3117 835 7833 2139 1959 1785 2635 6933 5260 6599 4172 6440 8725 7318 7678 3190 7851 8172 2223 4114 9141 7320 4967 9581 5588 1408 2586 
33 8407 1359 1196 5185 6221 2531 106 739 7304 9690 3546 1557 3409 9893 1346 3125 5246 9920 9566 3969 3658 8342 6316 9348 809 6011 717 641 852 3474 4791 2386 8805 
37 9872 9213 4701 1924 9797 8890 7867 9115 6966 7022 5863 9183 8292 2961 7038 1089 4898 4814 8028 5899 1652 4719 5444 3789 1077 7145 4342 9508 3352 9582 1227 3274 501 7631 4881 3870 7368 
4 1753 3051 350 273 
18 6638 1512 328 5592 258 5411 3730 8329 9729 2757 193 1161 3884 7563 6682 6894 1357 7469 
10 8595 6668 7496 6168 7798 5400 1985 6485 5706 1770 
13 601 9718 5541 8587 355 1619 454 9656 5743 6852 4426 3084 3141 
40 8315 9498 9336 89 7698 2140 9454 8910 908 132 956 9583 8389 5071 2286 5509 6098 1847 8109 4669 4845 2484 398 7635 9896 4853 1116 2172 1251 3358 9536 9977 5660 1287 7164 7223 9383 4502 5284 5638 
32 9742 7511 4249 5086 2912 7408 6299 4350 4452 5301 9270 1360 2184 3456 7532 1458 5479 9659 595 7079 3621 4441 7506 1026 315 1481 1031 344 7617 8731 4965 7260 
38 9284 1312 8927 8530 375 4314 5693 794 4444 4577 1680 4032 2116 2262 9287 213 2869 3250 1173 6807 8461 4752 6863 2192 4333 5762 9146 9623 7019 9124 8749 9912 5548 2516 3957 3857 496 9577 
10 9211 3050 3283 1133 3033 2334 3904 720 3086 4691 
29 8090 3209 9075 26 5349 1505 2352 5229 2918 134 3934 1549 6276 9093 4786 1273 8340 2486 4427 296 9905 485 4061 8197 9542 8416 637 7474 7978 
16 7609 2332 8969 5127 6620 7232 4018 8674 3459 3938 6013 8225 7174 825 4014 5987 
22 8724 7539 1712 3333 2244 6407 3177 9719 2298 3644 5556 5878 4900 790 9368 54 584 8665 6471 4371 8124 367 
34 5354 2793 8080 9522 6556 8462 1593 3528 3299 5312 6160 1692 9562 7906 300 5768 5905 7682 1308 2151 7515 3790 5866 3230 5380 5158 6761 7810 5430 448 953 4135 5562 9255 
7 5262 6671 389 3183 6885 4052 4065 
4 3611 4246 5984 2604 
16 9328 7984 7695 5669 1809 8053 8714 3238 4627 2129 4478 5739 7468 1242 4262 6705 
39 1764 1038 528 5031 9378 7575 8697 8264 4938 789 4201 8284 6434 1405 1176 1929 2817 8254 7053 1736 8702 5672 9480 4439 122 727 3032 1989 6858 1108 1580 4666 6308 4735 7729 1211 1738 1773 4659 
40 5370 4397 191 3005 6983 9033 678 408 8933 883 9310 9451 4559 392 3863 4101 5405 55 157 6742 1416 3213 6518 7591 2690 6964 5179 5722 423 1912 5234 6569 1786 3959 9765 9358 4540 7315 3048 6216 
41 8453 7639 8654 915 4239 961 4622 684 3731 3804 4015 107 8000 1609 1792 8877 5584 5963 4952 4430 8345 6176 1052 9668 3343 9066 4493 5617 410 3294 9652 6661 3559 7453 6415 3663 1270 2481 6561 9163 4916 
20 4049 626 554 4169 9525 5236 4389 9758 9944 5676 9574 607 1538 262 2510 3734 2999 2969 8816 9212 
40 8644 8207 5973 1670 7481 7543 5125 1368 1127 1370 7462 3336 7387 9964 8721 9278 6878 2617 7167 1606 3869 5331 8626 875 5194 7571 8069 3053 7892 4362 8393 9953 4571 2505 2329 556 9388 2213 5410 5486 
44 4469 3171 5653 3921 8833 2144 1913 3847 590 8111 6286 1167 1759 5838 5407 7875 9793 5694 5689 6809 9694 6399 1662 6147 214 6607 6760 4763 6043 8930 7565 7657 1501 9108 6751 3729 8043 2938 4811 2959 8070 9866 2561 2791 
25 3877 6623 3544 1132 2457 7614 7131 7811 4582 97 3965 1987 1617 8888 5873 7228 6076 7332 8117 5685 1255 9786 6587 9204 6627 
26 3562 3622 2235 3377 337 234 1382 1571 4453 705 6087 5602 3342 8064 5663 1687 8179 7052 4360 3859 6074 7764 836 6133 1177 6491 
30 1938 5939 330 345 1642 8915 8140 623 9050 4496 8847 3885 7141 6127 9230 4508 3413 8079 4463 3374 1878 3946 2054 8658 5609 8978 6564 6942 1993 6479 
5 8698 6980 3471 2482 1835 
41 3384 5041 5721 8118 6936 7890 5585 8418 8727 1245 4247 1020 3813 3110 3058 4515 8956 8775 4617 4633 270 5565 3499 649 8041 7003 7283 9237 3097 3115 3087 7895 4490 8846 4532 7261 8374 3826 7655 1868 1199 
3 9594 8339 9441 
17 6956 405 6245 3302 4777 837 7621 8754 320 7393 7660 5802 3362 1158 3982 9081 8807 
25 3265 7704 182 8592 8586 5128 2161 4413 3835 972 2986 5291 2923 865 2014 382 30 1819 9400 9926 2764 6926 8169 9221 1237 
42 2163 9727 5846 128 5112 5668 7367 9752 5051 3722 7910 5596 2158 3715 3532 7743 2068 9412 2539 2900 4919 5720 4776 9122 6223 471 5651 7208 6604 7825 4007 3910 1375 1682 2478 5344 7804 5374 4556 6038 8753 2338 
19 8579 6597 8469 8206 8668 8975 6621 1201 5871 2773 1019 2160 3706 7477 547 4619 6184 8945 6172 
25 8085 1556 2205 130 4560 3380 1283 2154 8868 3000 6514 786 8474 9569 3135 2491 3614 7280 5593 1464 3589 119 126 9527 5453 
21 5524 811 7183 9640 4636 5525 3430 5502 6037 7473 2426 5791 3609 9673 6323 5573 1213 2639 5061 2688 8181 
42 9054 534 8399 1014 4217 9129 4152 238 489 385 3281 1888 7869 9153 4888 9035 6183 5442 1934 3685 1621 7948 5732 4839 8982 263 6050 8571 4023 6469 1902 708 5085 2109 6838 7478 7002 9580 966 5227 1793 3399 
11 3075 8952 2459 8282 2141 6005 793 7024 4997 2055 5329 
31 6227 9037 3339 8625 6459 5999 3036 9874 6500 9394 4692 6436 8783 1971 8499 2943 9502 778 2465 3778 866 4317 318 1927 6302 3004 755 490 268 4405 7640 
19 5160 3632 7744 1554 7603 171 62 2598 9396 1065 129 723 2117 3483 3066 9071 6157 4097 1651 
40 6021 4480 1608 4250 9915 6779 466 5875 3905 3675 5189 8760 4892 6018 1544 9824 522 9453 7681 5643 803 2910 3880 9730 549 2277 1513 1208 7659 632 1347 4615 749 1634 4895 8105 4940 3422 7049 4329 
35 2830 6416 9592 9612 1448 504 7870 4828 9350 4145 925 4958 1837 6586 7983 3416 858 7663 2967 5006 3437 7200 4051 4310 247 4894 260 7786 3497 1859 7658 7799 2376 3472 2980 
42 8184 9447 7015 8851 4957 9095 721 6292 393 4231 8873 6978 4640 358 6364 1419 9979 1097 6298 2551 8901 2225 958 9011 9998 8827 8973 4513 6870 8059 9210 6848 1443 4681 2261 509 3796 7089 6404 8583 5240 470 
15 2091 4338 7986 979 243 4370 4652 1526 9704 5497 3695 8925 4551 5804 6629 
10 929 7011 3694 4415 1220 1659 7158 2642 4487 1445 
19 1833 8406 9942 7529 5134 2736 4186 2106 8791 3420 3018 4736 9634 9375 5420 2946 7007 1321 5782 
9 957 3941 4855 4373 4207 2312 1156 4404 2131 
31 9194 4994 276 1100 3612 7765 5603 4873 5259 6721 5330 7586 9355 5758 5076 7676 6712 5708 8098 7547 6645 3577 8811 6907 1800 5569 2737 4548 3038 4690 9307 
35 2381 3496 8017 5153 540 60 2664 5360 3225 6437 311 689 3176 4520 8862 1754 3131 5417 1406 1507 264 2193 494 6334 9639 7034 1447 25 6534 3940 6305 491 1327 1653 2623 
42 1599 7552 2304 5333 2212 8072 7607 7412 3040 4315 7405 219 5578 2050 2643 5441 8752 782 4862 7265 7615 418 5013 2806 1741 2723 5605 7780 6913 1041 2074 4267 1869 5337 2257 5805 2501 1288 5712 5361 3570 5193 
18 5673 2315 6079 9046 444 3615 2362 864 3296 5684 6158 2025 1685 4531 6217 2879 2630 2388 
43 4581 4066 1818 8464 5910 4391 1276 6816 1414 7054 3489 5105 974 6800 4281 1880 7990 6993 4603 3700 5067 7853 9197 7673 1225 9487 2625 5468 7646 7535 5656 6370 6517 6702 6335 978 6356 3993 7951 3161 3202 6830 7348 
31 4574 8205 8170 8513 7449 8327 5829 443 7637 2838 5587 4874 9798 2552 7472 4544 6997 6456 2316 412 1452 9091 713 7778 9427 3085 1338 7314 6247 7160 6401 
27 7794 612 8710 3501 9219 5005 4355 6953 6400 6739 8997 8208 1561 707 6080 6501 2340 818 7788 31 4600 9767 9829 8240 6647 2659 9895 
33 7613 3656 6664 6363 8162 7180 555 6703 5218 9437 6944 8476 4647 1724 4266 6763 428 2973 2845 5214 981 6662 4283 4848 828 4020 192 65 321 3218 7697 4771 6065 
42 3860 687 4068 9930 1745 3323 3275 1093 9121 3619 484 3724 7671 1431 6914 6252 911 5611 1147 8142 1094 5842 8129 2692 6963 4847 8156 6020 488 1388 8719 9631 5445 5521 7119 9934 5747 2881 1678 6969 2157 3517 
38 9440 906 4976 3851 9494 3297 6212 3882 1120 5045 6609 6318 5579 6063 7588 3446 1137 2060 2034 7803 9471 1941 9641 1901 5620 5576 6801 6909 2115 121 9517 8660 4762 3404 3305 764 6279 5738 
35 9561 9951 3659 8906 2747 1681 5058 6167 4950 927 7202 7620 8601 7018 6968 6861 2200 7210 1910 2259 3732 2831 7391 1782 9602 4790 9523 1594 6059 2385 8501 7371 6810 4712 4300 
22 2191 8835 281 2858 3126 4476 785 4639 703 7872 7561 9084 3215 3794 3194 6145 7877 6386 2743 6716 9996 982 
43 6257 5008 6475 667 8950 9515 605 1165 8012 7944 3587 4117 8627 5976 313 3228 8505 9092 4547 3094 6457 2981 984 8295 2697 302 646 9530 9521 9105 6081 9472 699 6887 3842 517 1975 5285 8585 5481 9860 3107 592 
40 7382 8432 9899 8884 1787 8410 2232 177 6230 2955 391 648 6224 8507 1280 7792 568 2251 8610 1840 6403 5810 248 3539 3666 3397 5364 9176 2336 3841 9170 2211 4682 4224 3072 7926 3769 212 3748 9604 
36 8246 8983 1807 9685 4717 9751 2049 2024 4096 6033 2325 8801 92 4601 7043 1170 1453 3137 388 2364 4645 538 2988 3714 2127 201 8102 7055 7714 7683 7604 9710 8776 8986 8819 8395 
9 8607 2583 2874 5545 9804 3582 9139 1996 7347 
35 5147 3696 7361 5138 4642 8645 9436 2183 4204 9110 6552 5332 6829 2082 3942 9547 8860 1047 1848 4865 1845 4399 6314 9746 7420 7954 9468 4409 9201 9032 2862 2306 6094 3381 5723 
20 5325 6001 6200 7421 7894 3259 8471 7957 6027 6341 5742 8235 8042 6329 3166 1688 7753 933 8861 2877 
35 9445 5532 8143 5129 7699 4910 5020 791 1689 6057 6615 7142 1219 3487 1290 8623 6213 3771 5808 8135 4883 8221 9169 7813 4860 2997 7904 1155 2199 4505 2063 7214 8743 8412 7010 
40 9764 5564 3312 2013 5783 473 1784 2797 8005 9006 2646 7305 521 9677 3134 7300 7509 5820 3723 2872 3886 3891 842 7732 148 5094 9333 217 6241 8985 5009 4416 4877 253 2088 9164 8270 6842 9873 7820 
22 2517 188 108 4327 6617 5003 4133 7241 2361 8071 2575 7445 823 7074 9766 3354 5215 9904 4643 2456 4594 7264 
4 3288 476 6231 4945 
21 5801 7343 2442 61 3278 9123 5082 8651 8834 8532 3984 3212 2654 5514 9087 8967 907 2972 7292 3378 6789 
29 816 1247 5865 7253 8693 4053 2295 7299 7441 9675 902 1310 2243 6726 8226 613 6689 9266 631 4972 8612 5264 9486 4265 8672 951 2556 6179 9958 
36 6982 5241 4765 2263 9286 5456 1715 2218 6049 2782 7117 8581 7916 7105 5068 4665 3548 2372 254 4970 8029 6965 3056 608 8795 4731 2102 8951 1183 5571 787 3664 936 1665 5033 973 
42 7205 9957 7031 1816 144 9735 5713 2101 6551 8968 4524 5887 2303 8477 9420 452 1206 1742 2121 1483 7298 639 2324 5662 6714 414 1732 3007 1101 6383 364 8508 5088 9004 4705 2962 6920 41 5092 8062 4037 7688 
39 8669 5324 7042 6117 9073 3139 4408 4553 5435 1904 3647 3158 7835 8511 7776 6773 1698 3812 3034 6175 274 1456 6180 887 2929 1058 9532 6373 921 9610 2729 2991 2819 8376 9423 8353 6149 6806 3143 
15 9688 9117 1491 3316 3064 3410 6922 9097 5126 6622 5228 2337 8036 2179 7703 
8 1030 7787 9130 2186 1462 2279 9955 117 
21 2766 8426 1294 7953 4365 2581 183 4740 1789 2173 4475 3973 827 3862 1658 8716 6988 4827 6633 8514 2507 
30 7179 6796 4944 3903 8872 2395 6822 8594 3573 4358 4953 1897 8289 4579 9281 4519 359 9651 986 673 6228 2077 3978 6170 7218 2174 7350 1582 9965 3564 
20 773 1066 8624 3954 3046 7225 7783 1844 401 1475 3309 9789 1061 7289 2422 6169 6673 8928 4962 8631 
4 474 6687 910 2512 
26 2607 7096 4356 8914 4521 8483 3229 3280 3603 1444 3290 8605 1701 9261 4448 48 2015 3129 5880 4780 2700 5750 5697 5893 4675 770 
27 1492 4151 7528 740 3272 8213 4383 9218 9158 1091 7973 3220 533 6220 5982 830 8480 2333 6734 4429 1696 4536 4075 8763 1686 6324 6660 
37 4494 5472 3867 1422 6283 294 73 6519 8365 6218 194 1118 3494 7873 7560 4081 1223 5220 5104 4146 9734 7248 9647 524 3549 46 3935 5607 9331 2529 7967 2896 5615 7553 6947 1551 5644 
32 4501 4878 8740 7581 5387 6973 3623 8766 1042 4069 7896 2950 2062 2948 1319 7949 2811 947 8780 5378 4232 64 1640 7285 9901 5099 2628 8647 374 4320 8110 8165 
38 4671 2147 4567 930 7878 1299 5862 4174 5133 7847 3035 7525 6310 394 8446 8814 8650 1392 3672 9630 7630 5287 588 5043 1591 8161 9386 8030 5715 7501 2978 3369 5275 1263 9987 3970 3334 3386 
28 5326 8166 356 7374 5530 4818 8892 3635 8390 407 4244 762 1216 1087 8524 4154 8357 3626 9193 7520 8032 5527 5231 3289 5375 9188 7165 1363 
4 4662 5583 8027 7969 
23 280 1424 1805 288 9956 6410 5176 5413 5501 6460 7838 239 9464 861 7276 4177 3657 3400 6306 3758 8402 2296 4678 
28 8653 1339 6890 2701 167 5925 0 9725 4545 8638 8493 8013 9090 9247 7554 4179 7118 2534 9060 9716 733 618 5825 2754 508 9005 3999 3093 
32 2765 4797 5917 4650 4137 674 6559 4831 4929 1516 5647 7935 9855 1933 2859 6174 4420 6156 7271 7795 7206 4073 2356 1110 7139 9881 6339 8736 2709 9535 1022 3645 
37 2847 5245 7694 4896 8540 8751 9625 2569 9356 5446 9172 1092 3055 5811 8989 6388 7088 6365 6653 2653 7365 7231 4498 3263 7067 1008 366 7452 9945 4319 7306 9878 2691 6447 2008 5591 7806 
37 1573 8543 665 308 3556 4185 9854 4396 2230 83 4021 8558 4985 7884 9455 559 6540 2187 8972 3820 9981 1720 1286 6685 6987 3617 1529 7252 4468 9576 730 127 8959 7965 3918 6088 2894 
17 3704 2037 2535 8701 7952 8957 5670 2794 8349 1839 6572 4792 7484 5533 9051 115 6951 
17 5130 4006 3268 1267 1016 3186 2710 745 7675 3185 8700 4542 3608 2651 872 2382 8661 
32 9740 8177 9747 5881 3462 432 4784 3091 3079 2238 6919 9994 5700 1189 3743 7531 5428 6143 2369 5577 2979 8614 1763 3419 7133 535 9171 2543 5363 5025 4210 1633 
17 4349 9868 9787 6474 3417 5416 3836 5368 6267 5396 4720 3454 7989 909 2165 1146 7725 
42 8545 9470 9699 4442 2343 4192 9831 216 1342 2435 8687 4641 5322 532 3392 6813 2276 8686 198 7739 3786 5356 3939 5295 2070 4305 3776 8403 6023 6608 8173 5922 4485 6478 8515 6828 6532 3057 4058 1559 8307 9741 
26 3076 6214 68 5237 6826 1222 5163 2680 2593 6009 8155 8684 7964 6193 6984 725 9603 1328 7287 4959 7100 9422 6776 5021 9838 9510 
9 4922 9791 8073 4870 8980 9053 4904 3425 9822 
32 2698 6640 9128 6275 6677 5102 4030 8320 9456 6393 3100 4885 5879 4489 7925 4656 4470 2227 1710 7093 1884 4863 6923 8163 4624 8690 8606 9505 5216 2267 3531 3595 
39 8394 34 2876 5534 5968 9907 970 43 2021 8528 5293 4833 2020 3124 2790 2576 9902 2549 8990 5790 8773 3960 5123 7832 8800 1230 4206 9265 3538 5243 3498 5091 9020 5549 6358 8916 2786 6135 7577 
30 7781 5941 5069 6819 9224 2965 8615 6242 5052 184 9362 6473 6630 8655 5035 3506 8552 2408 6429 1467 3944 4368 1068 8190 3927 4094 9465 7433 6875 1075 
22 3782 314 4555 8034 9174 9922 1426 5047 4233 3624 8531 9036 1974 7972 4407 2093 9778 6303 5928 7537 9768 2288 
25 8121 8400 2399 1442 9772 3411 6985 7375 8679 2185 5827 5484 5884 6343 1366 6528 6132 7819 1362 8075 4155 857 1268 3504 2436 
28 8948 5934 9917 8296 3310 5024 5817 6945 1135 3963 6438 3418 5081 8729 5753 4121 9903 1995 7551 4646 8637 6704 9894 3345 5489 2620 341 5674 
30 8183 3476 2614 462 2126 3318 4795 8454 499 9338 5900 3565 1349 1045 6693 9179 1952 5786 5978 7159 5174 354 992 672 1569 346 1018 3994 3208 9805 
25 1539 9755 7026 82 57 5695 6786 7750 4043 8866 6853 1006 3475 9234 1528 3691 7600 1518 6867 6637 1079 1136 6142 3876 6575 
33 6897 3765 4716 1430 35 7467 9107 5084 4446 1082 21 1493 9222 4382 3974 2903 3801 1353 4727 9999 2455 8738 5019 5286 4884 2627 12 7246 4422 3106 4111 1864 969 
37 9662 1330 7335 850 2767 7625 4739 9302 1009 7960 9781 1081 6256 3379 4533 5106 1128 7860 7310 1122 5531 7999 4706 2602 5923 9026 6886 8622 4908 8058 3909 9041 2904 2349 6061 447 5107 
36 7337 4060 7871 7929 1210 6312 1679 1671 878 6707 3434 5395 3246 2500 2560 5346 815 2219 52 4191 6417 1624 1850 5563 6070 206 2597 2454 9277 6784 8244 1010 8640 3530 6730 2103 
25 1925 656 8503 1145 9390 5971 3073 4492 5688 2128 1955 5616 8380 7269 757 8449 7512 9572 892 9642 8582 2291 5178 3021 9784 
41 8364 3361 9131 1590 9785 1600 4628 2057 1340 7240 5278 3388 4272 6225 7400 7377 7596 7459 9792 376 5947 1413 938 9264 5239 3552 1803 3029 6880 9402 6899 7618 634 426 9030 6881 120 6269 2134 8194 6090 
41 9887 3519 3746 2239 5066 8421 4183 173 800 8541 7745 9376 1643 1168 2656 5063 2675 7962 1963 4167 3287 9560 461 9567 7027 8303 5630 2861 2605 8101 3613 6579 4270 8527 4337 9148 9828 2189 578 1522 2007 
34 7606 8227 6237 9980 738 5022 8442 6369 1433 2562 2176 9889 2931 3507 2577 7612 4288 2939 8578 2387 101 9553 8856 8570 8998 9450 1930 1281 6818 7858 796 5859 8898 6301 
31 4447 4543 2479 7147 6125 6304 2096 4089 530 7390 2083 5793 881 2780 2390 6137 8422 5646 1567 2445 716 5131 2164 8459 4899 5858 4041 6903 6355 5657 5819 
20 3492 7439 1139 9966 4050 7383 6481 7016 5857 9622 3803 2477 4289 9254 594 4344 6115 2019 6406 8883 
37 159 7569 6910 4629 9462 1639 3335 4734 2064 468 1259 7942 7082 2314 7809 178 3747 6611 4623 7129 4086 967 8580 3843 3223 284 3521 10 6260 2626 2718 5907 5734 3840 9018 3529 9969 
27 994 3267 4514 3254 6412 5350 9664 1003 855 9279 9207 5767 3888 6134 9214 9674 3325 8259 4618 8 2816 9132 9305 6465 8088 2405 3988 
16 8730 3640 7864 1465 7485 208 8865 5916 7768 4205 9554 1555 1301 5856 9976 4435 
31 1846 4766 261 734 5429 2924 3553 2148 5198 6508 6696 7779 4800 2181 2270 7684 7963 7403 1755 3523 6679 8633 3163 1714 5261 1939 8195 2789 1697 7854 9941 
37 4303 4794 2000 4227 6868 1677 8569 8620 3520 4799 987 2909 7328 6999 5803 2833 3502 922 9796 8732 131 1673 5205 3329 3933 9206 5649 5575 7524 1815 4271 9863 9244 5161 8784 7422 9914 
40 2297 7397 7752 5696 3367 1264 4278 3541 8673 1411 9327 7401 5781 3431 8907 5661 3360 9233 9002 4761 5299 7196 3895 1013 8804 500 4991 1180 2366 3750 9972 3224 5232 2214 8712 6041 7319 5002 7747 5208 
5 8472 3383 3324 460 6351 
26 27 3833 3044 7491 6904 492 3574 3113 4085 8186 7447 9846 2515 9578 7303 9013 3586 6431 5386 9947 2911 5432 824 655 4789 9138 
30 9248 4889 7097 8325 2629 4127 2370 3121 249 2645 6873 4213 3837 6315 840 3248 6777 6346 5203 5172 4000 459 7602 7517 9134 4346 6762 4254 1990 9418 
41 6152 3937 450 6864 6925 8936 8549 5610 8756 5353 7296 9495 5570 8974 8917 1548 6085 7157 3759 4120 6321 9823 7622 2945 8900 4842 9783 657 8735 4445 8157 1586 661 8955 8803 8164 677 3816 4512 8443 3436 
27 9288 1437 3643 4535 3518 8074 8478 1821 1121 9178 4726 8147 5279 2826 403 3136 406 2882 7172 4129 211 8269 8113 3485 7446 3874 4620 
43 8128 1704 6635 4824 9384 338 7728 8417 9238 3858 6854 6328 2415 9818 9970 4990 7005 6836 2739 5270 6841 2889 6396 9776 6526 483 2898 3357 4022 885 8126 2905 441 640 8994 415 990 4699 1150 4526 5681 411 4087 
33 8504 3681 9236 3373 4123 9027 8460 8262 7664 3742 5964 6238 5834 9370 3317 5027 4312 8373 5642 3319 155 5735 6254 5225 8802 218 1266 5398 8228 2985 869 9343 7364 
22 4474 4757 4458 9385 1197 4156 8575 5499 8649 6331 8593 1852 4178 6672 4509 2379 9337 9711 5623 7266 3861 8388 
16 9589 4259 8481 69 4400 9263 397 1131 9864 9753 5760 5343 290 7190 4941 1709 
26 5467 6461 6754 3201 9520 5654 813 164 2136 4589 4079 6860 6185 4064 8191 4100 2033 1744 4925 5800 2032 4335 635 3138 7718 7272 
4 275 7985 8237 5144 
40 286 7793 498 598 3295 2914 2394 4323 9272 3480 2917 2624 886 560 8832 1960 1796 5073 1482 245 3897 9683 1 5186 8230 7098 6349 9638 3673 3627 8706 7523 9253 7521 940 2041 7470 561 946 4901 
38 8440 5209 627 3610 8293 7691 3170 22 5369 2538 5055 6856 8562 7312 6272 7919 8762 2949 6977 3376 2660 100 5431 4464 1284 162 3990 4209 9301 2065 1576 7386 5032 467 6442 7322 977 2149 
19 3929 7219 4436 4710 1515 5478 6099 80 9848 5159 8728 620 2735 4443 9821 2076 7404 133 2800 
29 2496 5997 2293 5258 5797 1373 8790 4472 5223 9853 8723 5028 4856 9529 7213 7370 6206 8509 3646 6846 3677 7749 7254 1455 520 9167 8576 1454 3649 
38 5336 4170 8356 2940 2756 1178 8250 7974 1854 93 9133 2403 9531 8944 2028 9012 1292 116 6010 1829 7112 7233 6624 8031 2821 4610 2047 3276 7127 9195 6529 4558 1731 9557 7801 2099 7270 6051 
24 4796 1407 2570 8234 6767 6280 4703 3512 8319 1973 3261 591 5267 7874 6126 9605 2784 113 197 1629 7789 9161 7568 9770 
22 1425 3972 9940 6509 2253 53 1750 3625 5053 3234 6472 5314 7000 7184 4434 4106 6725 4787 6775 179 8662 6372 
33 5613 5334 2524 3322 8613 7482 7176 2429 2868 3486 9762 6186 3785 7670 7407 8808 9280 1103 8787 9283 2206 5487 9717 6039 7262 438 2023 151 8521 5589 7342 2095 7991 
37 846 5889 544 2971 8699 7359 8828 3654 2132 7419 8391 1799 8691 5451 6129 7696 3063 7102 1488 4693 8843 1231 1743 5034 3017 2222 9313 1202 6986 4907 2885 7152 7090 6028 4257 8180 3634 
8 1271 1134 2758 5959 9151 2150 5455 3511 
22 6319 3911 7309 8120 3735 3702 2358 221 2301 6036 4809 9044 2788 3989 991 1889 5818 8455 6719 4986 32 8348 
28 9243 4730 8285 6309 7981 4003 1193 8602 4374 2887 3795 430 1879 8675 6338 4902 8276 904 6724 5773 1565 9911 7372 9062 5437 6560 2751 6251 
35 3505 5475 5914 659 5148 9963 1055 9407 7777 6747 8840 3069 6188 4460 199 6954 1034 3543 2944 7258 3894 7587 8688 14 5626 1979 1570 5184 4108 5882 9064 9003 7424 8932 6405 
42 3482 9635 3679 3950 8273 3536 7667 5224 5619 2450 7592 9289 6567 9260 7536 7108 5488 331 6024 6484 5152 4277 9681 4549 56 2975 905 4451 5335 6219 2880 8863 9369 821 7440 1254 7411 6360 8953 8268 4063 7540 
16 2202 552 4091 1051 3811 1855 2137 610 2637 8488 3745 3156 6795 7503 353 6674 
7 8590 5528 1192 1520 1175 6815 6255 
43 1035 8434 2777 8717 676 1025 4082 7086 7464 7379 9059 2281 4055 7450 5036 9908 3490 529 8722 5664 6772 4148 9312 6204 2425 440 3737 2974 4668 5414 7862 1318 1546 37 1209 1509 240 9687 7966 7123 8768 6121 647 
31 4236 3534 1909 7351 1080 2555 7715 4948 2591 1258 8441 8316 4864 6715 5904 5983 7355 8769 3284 6811 1504 7763 2708 955 3761 9319 7274 4729 8789 8836 6717 
37 8568 4122 2410 4025 4432 7135 6138 7863 67 1303 7308 4218 9008 8621 4414 4328 2341 6628 1073 9017 2045 3445 1334 9775 8229 8010 7897 3848 2618 1474 6929 3197 7008 6332 4963 9827 1635 
11 6154 9695 5965 3914 6150 1758 9322 8266 5682 964 7541 
24 3775 4238 2891 5000 9309 4713 539 6502 8355 611 3077 2750 1384 2159 5558 8363 3015 9143 8061 2487 9094 2781 4875 6246 
28 8447 1398 1907 1604 1412 7988 9648 8793 2832 1083 3330 3606 1623 7168 9897 5929 6144 4971 8427 752 3081 8810 9679 9347 3226 2804 5044 7417 
37 4433 5966 6928 2769 3907 5945 5883 3114 9571 1149 437 1610 4638 203 7039 2153 9372 5108 9160 6345 6450 4230 86 6078 6466 3594 8291 8379 5120 3800 8002 7050 9586 2371 5779 6017 6202 
18 7216 3630 479 2195 3845 7773 163 8798 3203 7748 7993 465 1872 70 9689 1069 4667 1972 
40 3551 1956 9227 9459 5116 3744 7436 4788 8913 1440 888 111 3398 7091 4019 7958 4379 5118 1870 3028 2220 9588 5746 7932 884 2839 6827 6571 2676 433 242 2363 195 1181 6921 8750 9916 6264 4625 4964 
32 7720 8977 3781 8083 4200 9229 3871 1028 5277 1980 2097 6893 2913 2389 2017 3065 6208 9931 1713 6110 3822 9016 5087 2035 7686 9399 6548 9948 464 3237 7463 3760 
21 6785 8870 6652 4575 8874 2320 8358 8369 8857 2292 5419 4812 5799 1043 8457 3597 269 3958 6737 362 2480 
37 6347 3150 6681 5542 2018 1238 5457 1730 5975 7876 2867 3146 8755 6882 1490 4090 5135 5191 9424 9810 3650 1117 6124 1702 9493 4810 7933 5300 5728 4105 9285 497 3308 1672 696 9109 9982 
18 2803 6265 1140 4909 4607 6869 9241 4076 690 6752 8076 5401 5821 7651 168 2260 9728 140 
40 766 6857 2715 6961 7109 6000 4867 4550 1253 4457 5763 1269 5601 3191 798 8604 6187 4748 2671 6837 8288 222 4704 2133 4911 5458 3900 1438 7311 506 1086 5996 8845 9099 396 5667 6722 5050 2901 202 
36 4392 5136 926 7680 9126 373 9839 384 1524 4658 3095 2404 5015 4128 669 3301 1828 5056 226 4143 244 3788 9271 1534 4242 5217 695 6053 6832 8100 7156 2345 5774 8619 7153 4184 
38 9850 1746 928 7230 1053 8281 3001 3103 8249 7045 9842 4657 3817 2699 9739 6735 4045 1249 5477 3470 7898 6884 1394 2073 1703 3221 5319 7480 3426 7868 2559 5936 2834 4680 3719 5551 7775 63 
28 1062 4951 1964 5520 919 6766 2439 7028 6419 2525 9339 5070 5951 6924 3043 1240 8429 9511 246 7504 4528 5449 3002 7360 5665 9995 3375 6207 
22 4989 256 563 5310 3620 3535 5252 2488 1246 3255 7959 6568 9819 3351 3943 1762 172 2268 1916 9650 6598 124 
40 698 2855 6073 3292 7488 2920 6244 8646 1882 7580 8150 6989 8859 310 5890 3368 6749 7882 2508 9098 7737 5989 7879 3773 9801 1356 9245 5824 3699 8648 3112 4367 5725 9698 1385 451 1473 2957 7471 5921 
35 1893 9408 9754 3757 5744 3479 662 8263 5757 1007 3364 6862 7059 322 954 7290 1771 3096 2287 7499 6353 5628 9473 3751 3768 2347 9550 5381 7354 4584 3014 6901 8893 5948 7234 
18 7918 3460 5345 3855 1325 931 7430 3242 513 4395 8911 8812 5935 871 3637 9545 5404 1618 
31 7494 8678 2 9795 1306 9499 1317 7291 9500 7195 4869 5137 1489 5367 4723 1830 4424 1876 7912 3231 8171 6527 5778 5338 6641 765 2190 2374 6911 2360 1834 
7 6497 569 5550 1935 8512 8963 3983 
28 6720 2649 6258 896 6102 4834 706 2138 5727 3458 7546 5242 7143 8199 6788 6285 7255 5004 2476 1331 880 1790 9633 3697 1027 6390 9556 6014 
33 5967 446 5815 4 3707 9590 6452 4110 7268 546 1182 8824 8337 6701 1905 3180 9047 1088 4118 2453 8138 1335 4932 146 8252 8940 2328 3588 7970 4437 1105 4956 7899 
9 1896 6402 4046 404 1795 5990 4694 185 2674 
21441370
33
